{"contracts/AccessControlCore.sol":{"l":{"27":1,"28":1,"29":1,"40":0,"41":0,"44":0,"45":0,"46":0,"49":0,"50":0,"51":0,"54":0},"path":"/Users/tarunchintakunta/Personal/outsource/Raviteja - Thesis/contracts/AccessControlCore.sol","s":{"1":1,"2":0,"3":0,"4":0,"5":0,"6":0,"7":0,"8":0,"9":0,"10":0},"b":{"1":[1,0],"2":[0,0],"3":[0,0],"4":[0,0]},"f":{"1":1,"2":0},"fnMap":{"1":{"name":"initialize","line":26,"loc":{"start":{"line":26,"column":4},"end":{"line":30,"column":4}}},"2":{"name":"checkAccess","line":32,"loc":{"start":{"line":32,"column":4},"end":{"line":55,"column":4}}}},"statementMap":{"1":{"start":{"line":27,"column":8},"end":{"line":27,"column":29}},"2":{"start":{"line":40,"column":8},"end":{"line":40,"column":1354}},"3":{"start":{"line":41,"column":12},"end":{"line":41,"column":24}},"4":{"start":{"line":44,"column":8},"end":{"line":44,"column":72}},"5":{"start":{"line":45,"column":8},"end":{"line":45,"column":1495}},"6":{"start":{"line":46,"column":12},"end":{"line":46,"column":24}},"7":{"start":{"line":49,"column":8},"end":{"line":49,"column":99}},"8":{"start":{"line":50,"column":8},"end":{"line":50,"column":1661}},"9":{"start":{"line":51,"column":12},"end":{"line":51,"column":24}},"10":{"start":{"line":54,"column":8},"end":{"line":54,"column":19}}},"branchMap":{"1":{"line":26,"type":"if","locations":[{"start":{"line":26,"column":79},"end":{"line":26,"column":79}},{"start":{"line":26,"column":79},"end":{"line":26,"column":79}}]},"2":{"line":40,"type":"if","locations":[{"start":{"line":40,"column":8},"end":{"line":40,"column":8}},{"start":{"line":40,"column":8},"end":{"line":40,"column":8}}]},"3":{"line":45,"type":"if","locations":[{"start":{"line":45,"column":8},"end":{"line":45,"column":8}},{"start":{"line":45,"column":8},"end":{"line":45,"column":8}}]},"4":{"line":50,"type":"if","locations":[{"start":{"line":50,"column":8},"end":{"line":50,"column":8}},{"start":{"line":50,"column":8},"end":{"line":50,"column":8}}]}}},"contracts/Curve.sol":{"l":{"18":0,"22":0,"26":0,"27":0,"29":0,"33":0,"34":0,"35":0,"36":0,"40":0,"41":0,"42":0,"43":0,"47":0,"48":0,"49":0,"50":0,"51":0,"52":0,"55":0,"59":0,"60":0,"61":0},"path":"/Users/tarunchintakunta/Personal/outsource/Raviteja - Thesis/contracts/Curve.sol","s":{"1":0,"2":0,"3":0,"4":0,"5":0,"6":0,"7":0,"8":0,"9":0,"10":0,"11":0,"12":0,"13":0,"14":0,"15":0,"16":0,"17":0,"18":0,"19":0,"20":0,"21":0,"22":0},"b":{"1":[0,0],"2":[0,0],"3":[0,0],"4":[0,0]},"f":{"1":0,"2":0,"3":0,"4":0,"5":0,"6":0,"7":0},"fnMap":{"1":{"name":"secp256k1","line":17,"loc":{"start":{"line":17,"column":4},"end":{"line":19,"column":4}}},"2":{"name":"onCurve","line":21,"loc":{"start":{"line":21,"column":4},"end":{"line":23,"column":4}}},"3":{"name":"add","line":25,"loc":{"start":{"line":25,"column":4},"end":{"line":30,"column":4}}},"4":{"name":"double","line":32,"loc":{"start":{"line":32,"column":4},"end":{"line":37,"column":4}}},"5":{"name":"_add","line":39,"loc":{"start":{"line":39,"column":4},"end":{"line":44,"column":4}}},"6":{"name":"mul","line":46,"loc":{"start":{"line":46,"column":4},"end":{"line":56,"column":4}}},"7":{"name":"inverseMod","line":58,"loc":{"start":{"line":58,"column":4},"end":{"line":62,"column":4}}}},"statementMap":{"1":{"start":{"line":18,"column":8},"end":{"line":18,"column":40}},"2":{"start":{"line":22,"column":8},"end":{"line":22,"column":81}},"3":{"start":{"line":26,"column":8},"end":{"line":26,"column":884}},"4":{"start":{"line":27,"column":12},"end":{"line":27,"column":40}},"5":{"start":{"line":29,"column":8},"end":{"line":29,"column":42}},"6":{"start":{"line":33,"column":8},"end":{"line":33,"column":70}},"7":{"start":{"line":34,"column":8},"end":{"line":34,"column":36}},"8":{"start":{"line":35,"column":8},"end":{"line":35,"column":39}},"9":{"start":{"line":36,"column":8},"end":{"line":36,"column":43}},"10":{"start":{"line":40,"column":8},"end":{"line":40,"column":60}},"11":{"start":{"line":41,"column":8},"end":{"line":41,"column":38}},"12":{"start":{"line":42,"column":8},"end":{"line":42,"column":41}},"13":{"start":{"line":43,"column":8},"end":{"line":43,"column":43}},"14":{"start":{"line":47,"column":8},"end":{"line":47,"column":28}},"15":{"start":{"line":48,"column":8},"end":{"line":48,"column":28}},"16":{"start":{"line":49,"column":8},"end":{"line":49,"column":1858}},"17":{"start":{"line":51,"column":12},"end":{"line":51,"column":1980}},"18":{"start":{"line":55,"column":8},"end":{"line":55,"column":35}},"19":{"start":{"line":59,"column":8},"end":{"line":59,"column":53}},"20":{"start":{"line":59,"column":20},"end":{"line":59,"column":52}},"21":{"start":{"line":60,"column":8},"end":{"line":60,"column":25}},"22":{"start":{"line":61,"column":8},"end":{"line":61,"column":25}}},"branchMap":{"1":{"line":26,"type":"if","locations":[{"start":{"line":26,"column":8},"end":{"line":26,"column":8}},{"start":{"line":26,"column":8},"end":{"line":26,"column":8}}]},"2":{"line":51,"type":"if","locations":[{"start":{"line":51,"column":12},"end":{"line":51,"column":12}},{"start":{"line":51,"column":12},"end":{"line":51,"column":12}}]},"3":{"line":59,"type":"if","locations":[{"start":{"line":59,"column":8},"end":{"line":59,"column":8}},{"start":{"line":59,"column":8},"end":{"line":59,"column":8}}]},"4":{"line":60,"type":"if","locations":[{"start":{"line":60,"column":8},"end":{"line":60,"column":8}},{"start":{"line":60,"column":8},"end":{"line":60,"column":8}}]}}},"contracts/EllipticCurve.sol":{"l":{"13":0,"20":0,"24":0,"28":0,"32":0,"33":0,"37":0,"38":0,"42":0,"43":0,"44":0,"45":0,"47":0,"51":0,"52":0,"53":0,"54":0,"55":0,"56":0,"58":0},"path":"/Users/tarunchintakunta/Personal/outsource/Raviteja - Thesis/contracts/EllipticCurve.sol","s":{"1":0,"2":0,"3":0,"4":0,"5":0,"6":0,"7":0,"8":0,"9":0,"10":0,"11":0,"12":0,"13":0,"14":0,"15":0,"16":0},"b":{"1":[0,0],"2":[0,0]},"f":{"1":0,"2":0,"3":0,"4":0,"5":0,"6":0,"7":0,"8":0},"fnMap":{"1":{"name":"g","line":12,"loc":{"start":{"line":12,"column":4},"end":{"line":17,"column":4}}},"2":{"name":"p","line":19,"loc":{"start":{"line":19,"column":4},"end":{"line":21,"column":4}}},"3":{"name":"n","line":23,"loc":{"start":{"line":23,"column":4},"end":{"line":25,"column":4}}},"4":{"name":"isOnCurve","line":27,"loc":{"start":{"line":27,"column":4},"end":{"line":29,"column":4}}},"5":{"name":"add","line":31,"loc":{"start":{"line":31,"column":4},"end":{"line":34,"column":4}}},"6":{"name":"mul","line":36,"loc":{"start":{"line":36,"column":4},"end":{"line":39,"column":4}}},"7":{"name":"decompress","line":41,"loc":{"start":{"line":41,"column":4},"end":{"line":48,"column":4}}},"8":{"name":"expMod","line":50,"loc":{"start":{"line":50,"column":4},"end":{"line":59,"column":4}}}},"statementMap":{"1":{"start":{"line":13,"column":8},"end":{"line":13,"column":244}},"2":{"start":{"line":20,"column":8},"end":{"line":20,"column":35}},"3":{"start":{"line":24,"column":8},"end":{"line":24,"column":81}},"4":{"start":{"line":28,"column":8},"end":{"line":28,"column":59}},"5":{"start":{"line":32,"column":8},"end":{"line":32,"column":81}},"6":{"start":{"line":33,"column":8},"end":{"line":33,"column":26}},"7":{"start":{"line":37,"column":8},"end":{"line":37,"column":79}},"8":{"start":{"line":38,"column":8},"end":{"line":38,"column":26}},"9":{"start":{"line":42,"column":8},"end":{"line":42,"column":42}},"10":{"start":{"line":43,"column":8},"end":{"line":43,"column":50}},"11":{"start":{"line":44,"column":8},"end":{"line":44,"column":1397}},"12":{"start":{"line":47,"column":8},"end":{"line":47,"column":26}},"13":{"start":{"line":51,"column":8},"end":{"line":51,"column":23}},"14":{"start":{"line":53,"column":8},"end":{"line":53,"column":1646}},"15":{"start":{"line":54,"column":12},"end":{"line":54,"column":54}},"16":{"start":{"line":58,"column":8},"end":{"line":58,"column":18}}},"branchMap":{"1":{"line":44,"type":"if","locations":[{"start":{"line":44,"column":8},"end":{"line":44,"column":8}},{"start":{"line":44,"column":8},"end":{"line":44,"column":8}}]},"2":{"line":54,"type":"if","locations":[{"start":{"line":54,"column":12},"end":{"line":54,"column":12}},{"start":{"line":54,"column":12},"end":{"line":54,"column":12}}]}}},"contracts/FROSTVerifier.sol":{"l":{"26":0,"27":0,"28":0,"30":0,"31":0,"33":0,"34":0,"36":0},"path":"/Users/tarunchintakunta/Personal/outsource/Raviteja - Thesis/contracts/FROSTVerifier.sol","s":{"1":0,"2":0,"3":0,"4":0,"5":0,"6":0,"7":0,"8":0},"b":{"1":[0,0],"2":[0,0],"3":[0,0]},"f":{"1":0},"fnMap":{"1":{"name":"verify","line":20,"loc":{"start":{"line":20,"column":4},"end":{"line":37,"column":4}}}},"statementMap":{"1":{"start":{"line":26,"column":8},"end":{"line":26,"column":77}},"2":{"start":{"line":27,"column":8},"end":{"line":27,"column":87}},"3":{"start":{"line":28,"column":8},"end":{"line":28,"column":87}},"4":{"start":{"line":30,"column":8},"end":{"line":30,"column":75}},"5":{"start":{"line":31,"column":8},"end":{"line":31,"column":110}},"6":{"start":{"line":33,"column":8},"end":{"line":33,"column":88}},"7":{"start":{"line":34,"column":8},"end":{"line":34,"column":117}},"8":{"start":{"line":36,"column":8},"end":{"line":36,"column":47}}},"branchMap":{"1":{"line":26,"type":"if","locations":[{"start":{"line":26,"column":8},"end":{"line":26,"column":8}},{"start":{"line":26,"column":8},"end":{"line":26,"column":8}}]},"2":{"line":27,"type":"if","locations":[{"start":{"line":27,"column":8},"end":{"line":27,"column":8}},{"start":{"line":27,"column":8},"end":{"line":27,"column":8}}]},"3":{"line":28,"type":"if","locations":[{"start":{"line":28,"column":8},"end":{"line":28,"column":8}},{"start":{"line":28,"column":8},"end":{"line":28,"column":8}}]}}},"contracts/PolicyManager.sol":{"l":{"15":1,"19":0,"20":0},"path":"/Users/tarunchintakunta/Personal/outsource/Raviteja - Thesis/contracts/PolicyManager.sol","s":{"1":0,"2":0},"b":{},"f":{"1":1,"2":0},"fnMap":{"1":{"name":"constructor","line":14,"loc":{"start":{"line":14,"column":4},"end":{"line":16,"column":4}}},"2":{"name":"verifyPolicy","line":18,"loc":{"start":{"line":18,"column":4},"end":{"line":21,"column":4}}}},"statementMap":{"1":{"start":{"line":19,"column":8},"end":{"line":19,"column":59}},"2":{"start":{"line":20,"column":8},"end":{"line":20,"column":58}}},"branchMap":{}}}